

Started GET "/" for 127.0.0.1 at 2013-05-05 18:23:33 +0200

PG::Error (FATAL:  database "firstnames-in-switzerland_dev" does not exist
):
  activerecord (4.0.0.rc1) lib/active_record/connection_adapters/postgresql_adapter.rb:796:in `initialize'
  activerecord (4.0.0.rc1) lib/active_record/connection_adapters/postgresql_adapter.rb:796:in `new'
  activerecord (4.0.0.rc1) lib/active_record/connection_adapters/postgresql_adapter.rb:796:in `connect'
  activerecord (4.0.0.rc1) lib/active_record/connection_adapters/postgresql_adapter.rb:513:in `initialize'
  activerecord (4.0.0.rc1) lib/active_record/connection_adapters/postgresql_adapter.rb:41:in `new'
  activerecord (4.0.0.rc1) lib/active_record/connection_adapters/postgresql_adapter.rb:41:in `postgresql_connection'
  activerecord (4.0.0.rc1) lib/active_record/connection_adapters/abstract/connection_pool.rb:440:in `new_connection'
  activerecord (4.0.0.rc1) lib/active_record/connection_adapters/abstract/connection_pool.rb:450:in `checkout_new_connection'
  activerecord (4.0.0.rc1) lib/active_record/connection_adapters/abstract/connection_pool.rb:421:in `acquire_connection'
  activerecord (4.0.0.rc1) lib/active_record/connection_adapters/abstract/connection_pool.rb:356:in `block in checkout'
  /Users/philippkung/.rvm/rubies/ruby-1.9.3-p286/lib/ruby/1.9.1/monitor.rb:211:in `mon_synchronize'
  activerecord (4.0.0.rc1) lib/active_record/connection_adapters/abstract/connection_pool.rb:355:in `checkout'
  activerecord (4.0.0.rc1) lib/active_record/connection_adapters/abstract/connection_pool.rb:265:in `block in connection'
  /Users/philippkung/.rvm/rubies/ruby-1.9.3-p286/lib/ruby/1.9.1/monitor.rb:211:in `mon_synchronize'
  activerecord (4.0.0.rc1) lib/active_record/connection_adapters/abstract/connection_pool.rb:264:in `connection'
  activerecord (4.0.0.rc1) lib/active_record/connection_adapters/abstract/connection_pool.rb:546:in `retrieve_connection'
  activerecord (4.0.0.rc1) lib/active_record/connection_handling.rb:79:in `retrieve_connection'
  activerecord (4.0.0.rc1) lib/active_record/connection_handling.rb:53:in `connection'
  activerecord (4.0.0.rc1) lib/active_record/migration.rb:775:in `current_version'
  activerecord (4.0.0.rc1) lib/active_record/migration.rb:783:in `needs_migration?'
  activerecord (4.0.0.rc1) lib/active_record/migration.rb:376:in `check_pending!'
  activerecord (4.0.0.rc1) lib/active_record/migration.rb:364:in `block in call'
  activesupport (4.0.0.rc1) lib/active_support/logger_silence.rb:16:in `silence'
  activerecord (4.0.0.rc1) lib/active_record/migration.rb:363:in `call'
  actionpack (4.0.0.rc1) lib/action_dispatch/middleware/callbacks.rb:29:in `block in call'
  activesupport (4.0.0.rc1) lib/active_support/callbacks.rb:392:in `_run__3070172091643672507__call__callbacks'
  activesupport (4.0.0.rc1) lib/active_support/callbacks.rb:80:in `run_callbacks'
  actionpack (4.0.0.rc1) lib/action_dispatch/middleware/callbacks.rb:27:in `call'
  actionpack (4.0.0.rc1) lib/action_dispatch/middleware/reloader.rb:64:in `call'
  actionpack (4.0.0.rc1) lib/action_dispatch/middleware/remote_ip.rb:76:in `call'
  actionpack (4.0.0.rc1) lib/action_dispatch/middleware/debug_exceptions.rb:17:in `call'
  actionpack (4.0.0.rc1) lib/action_dispatch/middleware/show_exceptions.rb:30:in `call'
  railties (4.0.0.rc1) lib/rails/rack/logger.rb:38:in `call_app'
  railties (4.0.0.rc1) lib/rails/rack/logger.rb:21:in `block in call'
  activesupport (4.0.0.rc1) lib/active_support/tagged_logging.rb:67:in `block in tagged'
  activesupport (4.0.0.rc1) lib/active_support/tagged_logging.rb:25:in `tagged'
  activesupport (4.0.0.rc1) lib/active_support/tagged_logging.rb:67:in `tagged'
  railties (4.0.0.rc1) lib/rails/rack/logger.rb:21:in `call'
  actionpack (4.0.0.rc1) lib/action_dispatch/middleware/request_id.rb:21:in `call'
  rack (1.5.2) lib/rack/methodoverride.rb:21:in `call'
  rack (1.5.2) lib/rack/runtime.rb:17:in `call'
  activesupport (4.0.0.rc1) lib/active_support/cache/strategy/local_cache.rb:83:in `call'
  rack (1.5.2) lib/rack/lock.rb:17:in `call'
  actionpack (4.0.0.rc1) lib/action_dispatch/middleware/static.rb:64:in `call'
  railties (4.0.0.rc1) lib/rails/engine.rb:511:in `call'
  railties (4.0.0.rc1) lib/rails/application.rb:96:in `call'
  rack (1.5.2) lib/rack/lock.rb:17:in `call'
  rack (1.5.2) lib/rack/content_length.rb:14:in `call'
  rack (1.5.2) lib/rack/handler/webrick.rb:60:in `service'
  /Users/philippkung/.rvm/rubies/ruby-1.9.3-p286/lib/ruby/1.9.1/webrick/httpserver.rb:138:in `service'
  /Users/philippkung/.rvm/rubies/ruby-1.9.3-p286/lib/ruby/1.9.1/webrick/httpserver.rb:94:in `run'
  /Users/philippkung/.rvm/rubies/ruby-1.9.3-p286/lib/ruby/1.9.1/webrick/server.rb:191:in `block in start_thread'


  Rendered /Users/philippkung/.rvm/gems/ruby-1.9.3-p286/gems/actionpack-4.0.0.rc1/lib/action_dispatch/middleware/templates/rescues/_source.erb (1.1ms)
  Rendered /Users/philippkung/.rvm/gems/ruby-1.9.3-p286/gems/actionpack-4.0.0.rc1/lib/action_dispatch/middleware/templates/rescues/_trace.erb (1.9ms)
  Rendered /Users/philippkung/.rvm/gems/ruby-1.9.3-p286/gems/actionpack-4.0.0.rc1/lib/action_dispatch/middleware/templates/rescues/_request_and_response.erb (1.4ms)
  Rendered /Users/philippkung/.rvm/gems/ruby-1.9.3-p286/gems/actionpack-4.0.0.rc1/lib/action_dispatch/middleware/templates/rescues/diagnostics.erb within rescues/layout (33.0ms)
  [1m[36m (3.5ms)[0m  [1mCREATE TABLE "schema_migrations" ("version" character varying(255) NOT NULL) [0m
  [1m[35m (1.1ms)[0m  CREATE UNIQUE INDEX "unique_schema_migrations" ON "schema_migrations" ("version")
  [1m[36mActiveRecord::SchemaMigration Load (0.3ms)[0m  [1mSELECT "schema_migrations".* FROM "schema_migrations"[0m


Started GET "/" for 127.0.0.1 at 2013-05-05 18:24:39 +0200
Processing by Rails::WelcomeController#index as HTML
  Rendered /Users/philippkung/.rvm/gems/ruby-1.9.3-p286/gems/railties-4.0.0.rc1/lib/rails/templates/rails/welcome/index.html.erb (3.9ms)
Completed 200 OK in 18ms (Views: 17.3ms | ActiveRecord: 0.0ms)


Started GET "/rails/info/properties" for 127.0.0.1 at 2013-05-05 18:24:42 +0200
Processing by Rails::InfoController#properties as */*
  [1m[36mActiveRecord::SchemaMigration Load (0.3ms)[0m  [1mSELECT "schema_migrations".* FROM "schema_migrations"[0m
  Rendered /Users/philippkung/.rvm/gems/ruby-1.9.3-p286/gems/railties-4.0.0.rc1/lib/rails/templates/rails/info/properties.html.erb (0.6ms)
Completed 200 OK in 24ms (Views: 16.3ms | ActiveRecord: 1.0ms)


Started GET "/" for 127.0.0.1 at 2013-05-05 18:34:16 +0200
Processing by Rails::WelcomeController#index as HTML
  Rendered /Users/philippkung/.rvm/gems/ruby-1.9.3-p286/gems/railties-4.0.0.rc1/lib/rails/templates/rails/welcome/index.html.erb (4.1ms)
Completed 200 OK in 18ms (Views: 17.5ms | ActiveRecord: 0.0ms)


Started GET "/" for 127.0.0.1 at 2013-05-05 18:38:58 +0200
Processing by Rails::WelcomeController#index as */*
  Rendered /Users/philippkung/.rvm/gems/ruby-1.9.3-p286/gems/railties-4.0.0.rc1/lib/rails/templates/rails/welcome/index.html.erb (3.7ms)
Completed 200 OK in 24ms (Views: 23.1ms | ActiveRecord: 0.0ms)


Started GET "/" for 127.0.0.1 at 2013-05-05 18:39:21 +0200
Processing by Rails::WelcomeController#index as */*
  Rendered /Users/philippkung/.rvm/gems/ruby-1.9.3-p286/gems/railties-4.0.0.rc1/lib/rails/templates/rails/welcome/index.html.erb (0.1ms)
Completed 200 OK in 7ms (Views: 6.7ms | ActiveRecord: 0.0ms)
  [1m[36mActiveRecord::SchemaMigration Load (0.7ms)[0m  [1mSELECT "schema_migrations".* FROM "schema_migrations"[0m
Migrating to CreateFirstnames (20130505164514)
  [1m[35m (0.2ms)[0m  BEGIN
  [1m[36m (30.3ms)[0m  [1mCREATE TABLE "firstnames" ("id" serial primary key, "name" character varying(255), "rank" integer, "count" integer, "year" character varying(255), "created_at" timestamp, "updated_at" timestamp) [0m
  [1m[35mSQL (3.7ms)[0m  INSERT INTO "schema_migrations" ("version") VALUES ($1)  [["version", "20130505164514"]]
  [1m[36m (0.6ms)[0m  [1mCOMMIT[0m
  [1m[35mActiveRecord::SchemaMigration Load (0.5ms)[0m  SELECT "schema_migrations".* FROM "schema_migrations"


Started GET "/firstnames/1" for 127.0.0.1 at 2013-05-05 18:49:08 +0200
Processing by FirstnameController#show as */*
  Parameters: {"id"=>"1"}
Completed 200 OK in 1ms (Views: 0.2ms | ActiveRecord: 0.0ms)


Started GET "/firstnames/1?callback=jQuery20003037100655492395_1367772625859&_=1367772625860" for 127.0.0.1 at 2013-05-05 18:50:25 +0200
Processing by FirstnameController#show as */*
  Parameters: {"callback"=>"jQuery20003037100655492395_1367772625859", "_"=>"1367772625860", "id"=>"1"}
Completed 200 OK in 2ms (Views: 0.7ms | ActiveRecord: 0.0ms)


Started GET "/firstnames/?callback=jQuery20005765379292424768_1367773278229&name=Michael&rank=1&count=1234&_=1367773278230" for 127.0.0.1 at 2013-05-05 19:01:18 +0200
Processing by FirstnameController#create as */*
  Parameters: {"callback"=>"jQuery20005765379292424768_1367773278229", "name"=>"Michael", "rank"=>"1", "count"=>"1234", "_"=>"1367773278230"}
  [1m[36m (0.3ms)[0m  [1mBEGIN[0m
  [1m[35mSQL (37.7ms)[0m  INSERT INTO "firstnames" ("count", "created_at", "name", "rank", "updated_at", "year") VALUES ($1, $2, $3, $4, $5, $6) RETURNING "id"  [["count", 1234], ["created_at", Sun, 05 May 2013 17:01:18 UTC +00:00], ["name", "Michael"], ["rank", 1], ["updated_at", Sun, 05 May 2013 17:01:18 UTC +00:00], ["year", "index"]]
  [1m[36m (1.2ms)[0m  [1mCOMMIT[0m
Completed 200 OK in 75ms (Views: 0.3ms | ActiveRecord: 42.0ms)
  [1m[36mFirstname Load (1.2ms)[0m  [1mSELECT "firstnames".* FROM "firstnames" ORDER BY "firstnames"."id" ASC LIMIT 1[0m
